[Tue Dec 29 2015 21:48:12 GMT+0800 (中国标准时间)] /favicon.ico
Error: ENOENT, open 'H:\blog\node_modules\express\node_modules\connect\node_modules\public\favicon.ico'
    at Error (native)
[Tue Dec 29 2015 21:48:19 GMT+0800 (中国标准时间)] /favicon.ico
Error: ENOENT, open 'H:\blog\node_modules\express\node_modules\connect\node_modules\public\favicon.ico'
    at Error (native)
[Tue Dec 29 2015 21:48:22 GMT+0800 (中国标准时间)] /favicon.ico
Error: ENOENT, open 'H:\blog\node_modules\express\node_modules\connect\node_modules\public\favicon.ico'
    at Error (native)
[Tue Dec 29 2015 21:48:24 GMT+0800 (中国标准时间)] /favicon.ico
Error: ENOENT, open 'H:\blog\node_modules\express\node_modules\connect\node_modules\public\favicon.ico'
    at Error (native)
[Tue Dec 29 2015 21:48:25 GMT+0800 (中国标准时间)] /favicon.ico
Error: ENOENT, open 'H:\blog\node_modules\express\node_modules\connect\node_modules\public\favicon.ico'
    at Error (native)
[Tue Dec 29 2015 21:48:27 GMT+0800 (中国标准时间)] /favicon.ico
Error: ENOENT, open 'H:\blog\node_modules\express\node_modules\connect\node_modules\public\favicon.ico'
    at Error (native)
[Tue Dec 29 2015 21:48:42 GMT+0800 (中国标准时间)] /favicon.ico
Error: ENOENT, open 'H:\blog\node_modules\express\node_modules\connect\node_modules\public\favicon.ico'
    at Error (native)
[Tue Dec 29 2015 21:48:57 GMT+0800 (中国标准时间)] /favicon.ico
Error: ENOENT, open 'H:\blog\node_modules\express\node_modules\connect\node_modules\public\favicon.ico'
    at Error (native)
[Tue Dec 29 2015 21:48:59 GMT+0800 (中国标准时间)] /favicon.ico
Error: ENOENT, open 'H:\blog\node_modules\express\node_modules\connect\node_modules\public\favicon.ico'
    at Error (native)
[Tue Dec 29 2015 21:49:01 GMT+0800 (中国标准时间)] /favicon.ico
Error: ENOENT, open 'H:\blog\node_modules\express\node_modules\connect\node_modules\public\favicon.ico'
    at Error (native)
[Tue Dec 29 2015 21:49:03 GMT+0800 (中国标准时间)] /favicon.ico
Error: ENOENT, open 'H:\blog\node_modules\express\node_modules\connect\node_modules\public\favicon.ico'
    at Error (native)
[Tue Dec 29 2015 21:49:04 GMT+0800 (中国标准时间)] /favicon.ico
Error: ENOENT, open 'H:\blog\node_modules\express\node_modules\connect\node_modules\public\favicon.ico'
    at Error (native)
[Tue Dec 29 2015 21:49:13 GMT+0800 (中国标准时间)] /favicon.ico
Error: ENOENT, open 'H:\blog\node_modules\express\node_modules\connect\node_modules\public\favicon.ico'
    at Error (native)
[Tue Dec 29 2015 21:49:39 GMT+0800 (中国标准时间)] /favicon.ico
Error: ENOENT, open 'H:\blog\node_modules\express\node_modules\connect\node_modules\public\favicon.ico'
    at Error (native)
[Tue Dec 29 2015 21:49:40 GMT+0800 (中国标准时间)] /favicon.ico
Error: ENOENT, open 'H:\blog\node_modules\express\node_modules\connect\node_modules\public\favicon.ico'
    at Error (native)
[Tue Dec 29 2015 21:49:41 GMT+0800 (中国标准时间)] /favicon.ico
Error: ENOENT, open 'H:\blog\node_modules\express\node_modules\connect\node_modules\public\favicon.ico'
    at Error (native)
[Tue Dec 29 2015 21:49:41 GMT+0800 (中国标准时间)] /favicon.ico
Error: ENOENT, open 'H:\blog\node_modules\express\node_modules\connect\node_modules\public\favicon.ico'
    at Error (native)
[Tue Dec 29 2015 21:49:42 GMT+0800 (中国标准时间)] /favicon.ico
Error: ENOENT, open 'H:\blog\node_modules\express\node_modules\connect\node_modules\public\favicon.ico'
    at Error (native)
[Tue Dec 29 2015 21:49:43 GMT+0800 (中国标准时间)] /favicon.ico
Error: ENOENT, open 'H:\blog\node_modules\express\node_modules\connect\node_modules\public\favicon.ico'
    at Error (native)
[Tue Dec 29 2015 21:49:44 GMT+0800 (中国标准时间)] /favicon.ico
Error: ENOENT, open 'H:\blog\node_modules\express\node_modules\connect\node_modules\public\favicon.ico'
    at Error (native)
[Tue Dec 29 2015 21:49:46 GMT+0800 (中国标准时间)] /favicon.ico
Error: ENOENT, open 'H:\blog\node_modules\express\node_modules\connect\node_modules\public\favicon.ico'
    at Error (native)
[Tue Dec 29 2015 21:49:53 GMT+0800 (中国标准时间)] /favicon.ico
Error: ENOENT, open 'H:\blog\node_modules\express\node_modules\connect\node_modules\public\favicon.ico'
    at Error (native)
[Tue Dec 29 2015 21:49:54 GMT+0800 (中国标准时间)] /favicon.ico
Error: ENOENT, open 'H:\blog\node_modules\express\node_modules\connect\node_modules\public\favicon.ico'
    at Error (native)
[Tue Dec 29 2015 21:49:54 GMT+0800 (中国标准时间)] /favicon.ico
Error: ENOENT, open 'H:\blog\node_modules\express\node_modules\connect\node_modules\public\favicon.ico'
    at Error (native)
[Tue Dec 29 2015 21:49:55 GMT+0800 (中国标准时间)] /favicon.ico
Error: ENOENT, open 'H:\blog\node_modules\express\node_modules\connect\node_modules\public\favicon.ico'
    at Error (native)
[Tue Dec 29 2015 21:49:56 GMT+0800 (中国标准时间)] /favicon.ico
Error: ENOENT, open 'H:\blog\node_modules\express\node_modules\connect\node_modules\public\favicon.ico'
    at Error (native)
[Tue Dec 29 2015 21:49:57 GMT+0800 (中国标准时间)] /favicon.ico
Error: ENOENT, open 'H:\blog\node_modules\express\node_modules\connect\node_modules\public\favicon.ico'
    at Error (native)
[Tue Dec 29 2015 21:49:58 GMT+0800 (中国标准时间)] /favicon.ico
Error: ENOENT, open 'H:\blog\node_modules\express\node_modules\connect\node_modules\public\favicon.ico'
    at Error (native)
[Mon May 02 2016 21:53:18 GMT+0800 (中国标准时间)] /favicon.ico
Error: ENOENT, open 'H:\blog\node_modules\express\node_modules\connect\node_modules\public\favicon.ico'
    at Error (native)
[Mon May 02 2016 21:53:19 GMT+0800 (中国标准时间)] /favicon.ico
Error: ENOENT, open 'H:\blog\node_modules\express\node_modules\connect\node_modules\public\favicon.ico'
    at Error (native)
[Mon May 02 2016 21:53:20 GMT+0800 (中国标准时间)] /favicon.ico
Error: ENOENT, open 'H:\blog\node_modules\express\node_modules\connect\node_modules\public\favicon.ico'
    at Error (native)
[Mon May 02 2016 21:53:20 GMT+0800 (中国标准时间)] /favicon.ico
Error: ENOENT, open 'H:\blog\node_modules\express\node_modules\connect\node_modules\public\favicon.ico'
    at Error (native)
[Mon May 02 2016 21:53:21 GMT+0800 (中国标准时间)] /favicon.ico
Error: ENOENT, open 'H:\blog\node_modules\express\node_modules\connect\node_modules\public\favicon.ico'
    at Error (native)
[Mon May 02 2016 21:53:27 GMT+0800 (中国标准时间)] /favicon.ico
Error: ENOENT, open 'H:\blog\node_modules\express\node_modules\connect\node_modules\public\favicon.ico'
    at Error (native)
[Mon May 02 2016 21:53:35 GMT+0800 (中国标准时间)] /favicon.ico
Error: ENOENT, open 'H:\blog\node_modules\express\node_modules\connect\node_modules\public\favicon.ico'
    at Error (native)
[Mon May 02 2016 21:53:37 GMT+0800 (中国标准时间)] /favicon.ico
Error: ENOENT, open 'H:\blog\node_modules\express\node_modules\connect\node_modules\public\favicon.ico'
    at Error (native)
[Mon May 02 2016 21:53:42 GMT+0800 (中国标准时间)] /favicon.ico
Error: ENOENT, open 'H:\blog\node_modules\express\node_modules\connect\node_modules\public\favicon.ico'
    at Error (native)
[Mon May 02 2016 21:53:44 GMT+0800 (中国标准时间)] /favicon.ico
Error: ENOENT, open 'H:\blog\node_modules\express\node_modules\connect\node_modules\public\favicon.ico'
    at Error (native)
[Mon May 02 2016 21:53:45 GMT+0800 (中国标准时间)] /favicon.ico
Error: ENOENT, open 'H:\blog\node_modules\express\node_modules\connect\node_modules\public\favicon.ico'
    at Error (native)
[Mon May 02 2016 21:53:52 GMT+0800 (中国标准时间)] /favicon.ico
Error: ENOENT, open 'H:\blog\node_modules\express\node_modules\connect\node_modules\public\favicon.ico'
    at Error (native)
[Mon May 02 2016 21:53:53 GMT+0800 (中国标准时间)] /favicon.ico
Error: ENOENT, open 'H:\blog\node_modules\express\node_modules\connect\node_modules\public\favicon.ico'
    at Error (native)
[Mon May 02 2016 21:53:53 GMT+0800 (中国标准时间)] /favicon.ico
Error: ENOENT, open 'H:\blog\node_modules\express\node_modules\connect\node_modules\public\favicon.ico'
    at Error (native)
[Mon May 02 2016 21:53:54 GMT+0800 (中国标准时间)] /favicon.ico
Error: ENOENT, open 'H:\blog\node_modules\express\node_modules\connect\node_modules\public\favicon.ico'
    at Error (native)
[Mon May 02 2016 21:53:57 GMT+0800 (中国标准时间)] /favicon.ico
Error: ENOENT, open 'H:\blog\node_modules\express\node_modules\connect\node_modules\public\favicon.ico'
    at Error (native)
[Mon May 02 2016 21:53:57 GMT+0800 (中国标准时间)] /favicon.ico
Error: ENOENT, open 'H:\blog\node_modules\express\node_modules\connect\node_modules\public\favicon.ico'
    at Error (native)
[Mon May 02 2016 21:53:57 GMT+0800 (中国标准时间)] /favicon.ico
Error: ENOENT, open 'H:\blog\node_modules\express\node_modules\connect\node_modules\public\favicon.ico'
    at Error (native)
[Mon May 02 2016 21:53:58 GMT+0800 (中国标准时间)] /favicon.ico
Error: ENOENT, open 'H:\blog\node_modules\express\node_modules\connect\node_modules\public\favicon.ico'
    at Error (native)
[Mon May 02 2016 21:53:58 GMT+0800 (中国标准时间)] /favicon.ico
Error: ENOENT, open 'H:\blog\node_modules\express\node_modules\connect\node_modules\public\favicon.ico'
    at Error (native)
[Mon May 02 2016 21:53:58 GMT+0800 (中国标准时间)] /favicon.ico
Error: ENOENT, open 'H:\blog\node_modules\express\node_modules\connect\node_modules\public\favicon.ico'
    at Error (native)
[Mon May 02 2016 21:53:58 GMT+0800 (中国标准时间)] /favicon.ico
Error: ENOENT, open 'H:\blog\node_modules\express\node_modules\connect\node_modules\public\favicon.ico'
    at Error (native)
[Mon May 02 2016 21:53:59 GMT+0800 (中国标准时间)] /favicon.ico
Error: ENOENT, open 'H:\blog\node_modules\express\node_modules\connect\node_modules\public\favicon.ico'
    at Error (native)
[Mon May 02 2016 21:54:00 GMT+0800 (中国标准时间)] /favicon.ico
Error: ENOENT, open 'H:\blog\node_modules\express\node_modules\connect\node_modules\public\favicon.ico'
    at Error (native)
[Mon May 02 2016 21:54:00 GMT+0800 (中国标准时间)] /favicon.ico
Error: ENOENT, open 'H:\blog\node_modules\express\node_modules\connect\node_modules\public\favicon.ico'
    at Error (native)
[Mon May 02 2016 21:54:00 GMT+0800 (中国标准时间)] /favicon.ico
Error: ENOENT, open 'H:\blog\node_modules\express\node_modules\connect\node_modules\public\favicon.ico'
    at Error (native)
[Mon May 02 2016 21:54:00 GMT+0800 (中国标准时间)] /favicon.ico
Error: ENOENT, open 'H:\blog\node_modules\express\node_modules\connect\node_modules\public\favicon.ico'
    at Error (native)
[Mon May 02 2016 21:54:09 GMT+0800 (中国标准时间)] /favicon.ico
Error: ENOENT, open 'H:\blog\node_modules\express\node_modules\connect\node_modules\public\favicon.ico'
    at Error (native)
[Mon May 02 2016 21:54:12 GMT+0800 (中国标准时间)] /favicon.ico
Error: ENOENT, open 'H:\blog\node_modules\express\node_modules\connect\node_modules\public\favicon.ico'
    at Error (native)
[Mon May 02 2016 21:54:17 GMT+0800 (中国标准时间)] /favicon.ico
Error: ENOENT, open 'H:\blog\node_modules\express\node_modules\connect\node_modules\public\favicon.ico'
    at Error (native)
[Wed May 04 2016 08:30:36 GMT+0800 (中国标准时间)] /favicon.ico
Error: ENOENT, open 'H:\blog\node_modules\express\node_modules\connect\node_modules\public\favicon.ico'
    at Error (native)
[Wed May 04 2016 08:30:57 GMT+0800 (中国标准时间)] /favicon.ico
Error: ENOENT, open 'H:\blog\node_modules\express\node_modules\connect\node_modules\public\favicon.ico'
    at Error (native)
[Wed May 04 2016 08:31:12 GMT+0800 (中国标准时间)] /favicon.ico
Error: ENOENT, open 'H:\blog\node_modules\express\node_modules\connect\node_modules\public\favicon.ico'
    at Error (native)
[Wed May 04 2016 08:31:15 GMT+0800 (中国标准时间)] /favicon.ico
Error: ENOENT, open 'H:\blog\node_modules\express\node_modules\connect\node_modules\public\favicon.ico'
    at Error (native)
[Wed May 04 2016 08:31:16 GMT+0800 (中国标准时间)] /favicon.ico
Error: ENOENT, open 'H:\blog\node_modules\express\node_modules\connect\node_modules\public\favicon.ico'
    at Error (native)
[Wed May 04 2016 08:31:17 GMT+0800 (中国标准时间)] /favicon.ico
Error: ENOENT, open 'H:\blog\node_modules\express\node_modules\connect\node_modules\public\favicon.ico'
    at Error (native)
[Wed May 04 2016 08:32:52 GMT+0800 (中国标准时间)] /favicon.ico
Error: ENOENT, open 'H:\blog\node_modules\express\node_modules\connect\node_modules\public\favicon.ico'
    at Error (native)
[Wed May 04 2016 08:32:53 GMT+0800 (中国标准时间)] /favicon.ico
Error: ENOENT, open 'H:\blog\node_modules\express\node_modules\connect\node_modules\public\favicon.ico'
    at Error (native)
[Wed May 04 2016 08:32:54 GMT+0800 (中国标准时间)] /favicon.ico
Error: ENOENT, open 'H:\blog\node_modules\express\node_modules\connect\node_modules\public\favicon.ico'
    at Error (native)
[Wed May 04 2016 08:32:55 GMT+0800 (中国标准时间)] /favicon.ico
Error: ENOENT, open 'H:\blog\node_modules\express\node_modules\connect\node_modules\public\favicon.ico'
    at Error (native)
[Wed May 04 2016 08:32:55 GMT+0800 (中国标准时间)] /favicon.ico
Error: ENOENT, open 'H:\blog\node_modules\express\node_modules\connect\node_modules\public\favicon.ico'
    at Error (native)
[Wed May 04 2016 08:32:55 GMT+0800 (中国标准时间)] /favicon.ico
Error: ENOENT, open 'H:\blog\node_modules\express\node_modules\connect\node_modules\public\favicon.ico'
    at Error (native)
[Wed May 04 2016 08:32:57 GMT+0800 (中国标准时间)] /favicon.ico
Error: ENOENT, open 'H:\blog\node_modules\express\node_modules\connect\node_modules\public\favicon.ico'
    at Error (native)
[Wed May 04 2016 08:33:05 GMT+0800 (中国标准时间)] /favicon.ico
Error: ENOENT, open 'H:\blog\node_modules\express\node_modules\connect\node_modules\public\favicon.ico'
    at Error (native)
[Wed May 04 2016 08:33:12 GMT+0800 (中国标准时间)] /favicon.ico
Error: ENOENT, open 'H:\blog\node_modules\express\node_modules\connect\node_modules\public\favicon.ico'
    at Error (native)
[Wed May 04 2016 08:33:29 GMT+0800 (中国标准时间)] /favicon.ico
Error: ENOENT, open 'H:\blog\node_modules\express\node_modules\connect\node_modules\public\favicon.ico'
    at Error (native)
[Wed May 04 2016 08:33:51 GMT+0800 (中国标准时间)] /favicon.ico
Error: ENOENT, open 'H:\blog\node_modules\express\node_modules\connect\node_modules\public\favicon.ico'
    at Error (native)
[Wed May 04 2016 08:33:53 GMT+0800 (中国标准时间)] /favicon.ico
Error: ENOENT, open 'H:\blog\node_modules\express\node_modules\connect\node_modules\public\favicon.ico'
    at Error (native)
[Wed May 04 2016 08:34:19 GMT+0800 (中国标准时间)] /favicon.ico
Error: ENOENT, open 'H:\blog\node_modules\express\node_modules\connect\node_modules\public\favicon.ico'
    at Error (native)
[Wed May 04 2016 08:34:53 GMT+0800 (中国标准时间)] /favicon.ico
Error: ENOENT, open 'H:\blog\node_modules\express\node_modules\connect\node_modules\public\favicon.ico'
    at Error (native)
[Wed May 04 2016 08:37:16 GMT+0800 (中国标准时间)] /favicon.ico
Error: ENOENT, open 'H:\blog\node_modules\express\node_modules\connect\node_modules\public\favicon.ico'
    at Error (native)
[Wed May 04 2016 08:37:25 GMT+0800 (中国标准时间)] /favicon.ico
Error: ENOENT, open 'H:\blog\node_modules\express\node_modules\connect\node_modules\public\favicon.ico'
    at Error (native)
[Wed May 04 2016 08:37:27 GMT+0800 (中国标准时间)] /favicon.ico
Error: ENOENT, open 'H:\blog\node_modules\express\node_modules\connect\node_modules\public\favicon.ico'
    at Error (native)
[Wed May 04 2016 08:37:30 GMT+0800 (中国标准时间)] /favicon.ico
Error: ENOENT, open 'H:\blog\node_modules\express\node_modules\connect\node_modules\public\favicon.ico'
    at Error (native)
[Wed May 04 2016 08:37:31 GMT+0800 (中国标准时间)] /favicon.ico
Error: ENOENT, open 'H:\blog\node_modules\express\node_modules\connect\node_modules\public\favicon.ico'
    at Error (native)
[Wed May 04 2016 08:38:31 GMT+0800 (中国标准时间)] /favicon.ico
Error: ENOENT, open 'H:\blog\node_modules\express\node_modules\connect\node_modules\public\favicon.ico'
    at Error (native)
[Wed May 04 2016 08:38:42 GMT+0800 (中国标准时间)] /favicon.ico
Error: ENOENT, open 'H:\blog\node_modules\express\node_modules\connect\node_modules\public\favicon.ico'
    at Error (native)
[Wed May 04 2016 08:38:44 GMT+0800 (中国标准时间)] /favicon.ico
Error: ENOENT, open 'H:\blog\node_modules\express\node_modules\connect\node_modules\public\favicon.ico'
    at Error (native)
[Wed May 04 2016 08:38:51 GMT+0800 (中国标准时间)] /favicon.ico
Error: ENOENT, open 'H:\blog\node_modules\express\node_modules\connect\node_modules\public\favicon.ico'
    at Error (native)
[Wed May 04 2016 08:38:53 GMT+0800 (中国标准时间)] /favicon.ico
Error: ENOENT, open 'H:\blog\node_modules\express\node_modules\connect\node_modules\public\favicon.ico'
    at Error (native)
[Wed May 04 2016 08:39:28 GMT+0800 (中国标准时间)] /favicon.ico
Error: ENOENT, open 'H:\blog\node_modules\express\node_modules\connect\node_modules\public\favicon.ico'
    at Error (native)
[Wed May 04 2016 08:43:23 GMT+0800 (中国标准时间)] /favicon.ico
Error: ENOENT, open 'H:\blog\node_modules\express\node_modules\connect\node_modules\public\favicon.ico'
    at Error (native)
[Wed May 04 2016 08:48:07 GMT+0800 (中国标准时间)] /favicon.ico
Error: ENOENT, open 'H:\blog\node_modules\express\node_modules\connect\node_modules\public\favicon.ico'
    at Error (native)
[Wed May 04 2016 08:57:30 GMT+0800 (中国标准时间)] /favicon.ico
Error: ENOENT, open 'H:\blog\node_modules\express\node_modules\connect\node_modules\public\favicon.ico'
    at Error (native)
[Wed May 04 2016 08:58:11 GMT+0800 (中国标准时间)] /favicon.ico
Error: ENOENT, open 'H:\blog\node_modules\express\node_modules\connect\node_modules\public\favicon.ico'
    at Error (native)
[Tue Oct 11 2016 21:27:32 GMT+0800 (CST)] /favicon.ico
Error: ENOENT, open '/home/lisa/project/blog/node_modules/express/node_modules/connect/node_modules/static-favicon/../public/favicon.ico'
[Tue Oct 11 2016 21:27:33 GMT+0800 (CST)] /favicon.ico
Error: ENOENT, open '/home/lisa/project/blog/node_modules/express/node_modules/connect/node_modules/static-favicon/../public/favicon.ico'
[Tue Oct 11 2016 21:27:34 GMT+0800 (CST)] /favicon.ico
Error: ENOENT, open '/home/lisa/project/blog/node_modules/express/node_modules/connect/node_modules/static-favicon/../public/favicon.ico'
[Tue Oct 11 2016 21:27:35 GMT+0800 (CST)] /favicon.ico
Error: ENOENT, open '/home/lisa/project/blog/node_modules/express/node_modules/connect/node_modules/static-favicon/../public/favicon.ico'
[Tue Oct 11 2016 21:27:36 GMT+0800 (CST)] /favicon.ico
Error: ENOENT, open '/home/lisa/project/blog/node_modules/express/node_modules/connect/node_modules/static-favicon/../public/favicon.ico'
[Tue Oct 11 2016 21:27:36 GMT+0800 (CST)] /favicon.ico
Error: ENOENT, open '/home/lisa/project/blog/node_modules/express/node_modules/connect/node_modules/static-favicon/../public/favicon.ico'
[Tue Oct 11 2016 21:27:37 GMT+0800 (CST)] /favicon.ico
Error: ENOENT, open '/home/lisa/project/blog/node_modules/express/node_modules/connect/node_modules/static-favicon/../public/favicon.ico'
[Tue Oct 11 2016 21:27:40 GMT+0800 (CST)] /favicon.ico
Error: ENOENT, open '/home/lisa/project/blog/node_modules/express/node_modules/connect/node_modules/static-favicon/../public/favicon.ico'
[Tue Oct 11 2016 21:27:43 GMT+0800 (CST)] /favicon.ico
Error: ENOENT, open '/home/lisa/project/blog/node_modules/express/node_modules/connect/node_modules/static-favicon/../public/favicon.ico'
[Tue Oct 11 2016 21:27:44 GMT+0800 (CST)] /favicon.ico
Error: ENOENT, open '/home/lisa/project/blog/node_modules/express/node_modules/connect/node_modules/static-favicon/../public/favicon.ico'
[Tue Oct 11 2016 21:27:45 GMT+0800 (CST)] /favicon.ico
Error: ENOENT, open '/home/lisa/project/blog/node_modules/express/node_modules/connect/node_modules/static-favicon/../public/favicon.ico'
[Tue Oct 11 2016 21:27:45 GMT+0800 (CST)] /favicon.ico
Error: ENOENT, open '/home/lisa/project/blog/node_modules/express/node_modules/connect/node_modules/static-favicon/../public/favicon.ico'
[Tue Oct 11 2016 21:27:46 GMT+0800 (CST)] /favicon.ico
Error: ENOENT, open '/home/lisa/project/blog/node_modules/express/node_modules/connect/node_modules/static-favicon/../public/favicon.ico'
[Tue Oct 11 2016 21:27:46 GMT+0800 (CST)] /favicon.ico
Error: ENOENT, open '/home/lisa/project/blog/node_modules/express/node_modules/connect/node_modules/static-favicon/../public/favicon.ico'
[Tue Oct 11 2016 21:27:47 GMT+0800 (CST)] /favicon.ico
Error: ENOENT, open '/home/lisa/project/blog/node_modules/express/node_modules/connect/node_modules/static-favicon/../public/favicon.ico'
[Tue Oct 11 2016 21:27:48 GMT+0800 (CST)] /favicon.ico
Error: ENOENT, open '/home/lisa/project/blog/node_modules/express/node_modules/connect/node_modules/static-favicon/../public/favicon.ico'
[Tue Oct 11 2016 21:27:50 GMT+0800 (CST)] /favicon.ico
Error: ENOENT, open '/home/lisa/project/blog/node_modules/express/node_modules/connect/node_modules/static-favicon/../public/favicon.ico'
[Tue Oct 11 2016 21:28:01 GMT+0800 (CST)] /favicon.ico
Error: ENOENT, open '/home/lisa/project/blog/node_modules/express/node_modules/connect/node_modules/static-favicon/../public/favicon.ico'
[Tue Oct 11 2016 21:28:04 GMT+0800 (CST)] /favicon.ico
Error: ENOENT, open '/home/lisa/project/blog/node_modules/express/node_modules/connect/node_modules/static-favicon/../public/favicon.ico'
[Tue Oct 11 2016 21:28:10 GMT+0800 (CST)] /favicon.ico
Error: ENOENT, open '/home/lisa/project/blog/node_modules/express/node_modules/connect/node_modules/static-favicon/../public/favicon.ico'
[Tue Oct 11 2016 21:28:11 GMT+0800 (CST)] /favicon.ico
Error: ENOENT, open '/home/lisa/project/blog/node_modules/express/node_modules/connect/node_modules/static-favicon/../public/favicon.ico'
[Tue Oct 11 2016 21:28:11 GMT+0800 (CST)] /favicon.ico
Error: ENOENT, open '/home/lisa/project/blog/node_modules/express/node_modules/connect/node_modules/static-favicon/../public/favicon.ico'
[Tue Oct 11 2016 21:28:12 GMT+0800 (CST)] /favicon.ico
Error: ENOENT, open '/home/lisa/project/blog/node_modules/express/node_modules/connect/node_modules/static-favicon/../public/favicon.ico'
[Tue Oct 11 2016 21:28:12 GMT+0800 (CST)] /favicon.ico
Error: ENOENT, open '/home/lisa/project/blog/node_modules/express/node_modules/connect/node_modules/static-favicon/../public/favicon.ico'
[Tue Oct 11 2016 21:28:13 GMT+0800 (CST)] /favicon.ico
Error: ENOENT, open '/home/lisa/project/blog/node_modules/express/node_modules/connect/node_modules/static-favicon/../public/favicon.ico'
[Tue Oct 11 2016 21:28:14 GMT+0800 (CST)] /favicon.ico
Error: ENOENT, open '/home/lisa/project/blog/node_modules/express/node_modules/connect/node_modules/static-favicon/../public/favicon.ico'
[Tue Oct 11 2016 21:28:14 GMT+0800 (CST)] /favicon.ico
Error: ENOENT, open '/home/lisa/project/blog/node_modules/express/node_modules/connect/node_modules/static-favicon/../public/favicon.ico'
[Tue Oct 11 2016 21:28:14 GMT+0800 (CST)] /favicon.ico
Error: ENOENT, open '/home/lisa/project/blog/node_modules/express/node_modules/connect/node_modules/static-favicon/../public/favicon.ico'
[Tue Oct 11 2016 21:28:14 GMT+0800 (CST)] /favicon.ico
Error: ENOENT, open '/home/lisa/project/blog/node_modules/express/node_modules/connect/node_modules/static-favicon/../public/favicon.ico'
[Tue Oct 11 2016 21:28:15 GMT+0800 (CST)] /favicon.ico
Error: ENOENT, open '/home/lisa/project/blog/node_modules/express/node_modules/connect/node_modules/static-favicon/../public/favicon.ico'
[Tue Oct 11 2016 21:28:15 GMT+0800 (CST)] /favicon.ico
Error: ENOENT, open '/home/lisa/project/blog/node_modules/express/node_modules/connect/node_modules/static-favicon/../public/favicon.ico'
[Tue Oct 11 2016 21:28:15 GMT+0800 (CST)] /favicon.ico
Error: ENOENT, open '/home/lisa/project/blog/node_modules/express/node_modules/connect/node_modules/static-favicon/../public/favicon.ico'
[Tue Oct 11 2016 21:28:16 GMT+0800 (CST)] /favicon.ico
Error: ENOENT, open '/home/lisa/project/blog/node_modules/express/node_modules/connect/node_modules/static-favicon/../public/favicon.ico'
[Tue Oct 11 2016 21:28:16 GMT+0800 (CST)] /favicon.ico
Error: ENOENT, open '/home/lisa/project/blog/node_modules/express/node_modules/connect/node_modules/static-favicon/../public/favicon.ico'
[Tue Oct 11 2016 21:28:17 GMT+0800 (CST)] /favicon.ico
Error: ENOENT, open '/home/lisa/project/blog/node_modules/express/node_modules/connect/node_modules/static-favicon/../public/favicon.ico'
[Tue Oct 11 2016 21:28:20 GMT+0800 (CST)] /favicon.ico
Error: ENOENT, open '/home/lisa/project/blog/node_modules/express/node_modules/connect/node_modules/static-favicon/../public/favicon.ico'
[Tue Oct 11 2016 21:28:43 GMT+0800 (CST)] /favicon.ico
Error: ENOENT, open '/home/lisa/project/blog/node_modules/express/node_modules/connect/node_modules/static-favicon/../public/favicon.ico'
[Tue Oct 11 2016 21:28:46 GMT+0800 (CST)] /favicon.ico
Error: ENOENT, open '/home/lisa/project/blog/node_modules/express/node_modules/connect/node_modules/static-favicon/../public/favicon.ico'
[Tue Oct 11 2016 21:28:48 GMT+0800 (CST)] /favicon.ico
Error: ENOENT, open '/home/lisa/project/blog/node_modules/express/node_modules/connect/node_modules/static-favicon/../public/favicon.ico'
[Tue Oct 11 2016 21:28:50 GMT+0800 (CST)] /favicon.ico
Error: ENOENT, open '/home/lisa/project/blog/node_modules/express/node_modules/connect/node_modules/static-favicon/../public/favicon.ico'
[Tue Oct 11 2016 21:28:51 GMT+0800 (CST)] /favicon.ico
Error: ENOENT, open '/home/lisa/project/blog/node_modules/express/node_modules/connect/node_modules/static-favicon/../public/favicon.ico'
[Tue Oct 11 2016 21:28:52 GMT+0800 (CST)] /favicon.ico
Error: ENOENT, open '/home/lisa/project/blog/node_modules/express/node_modules/connect/node_modules/static-favicon/../public/favicon.ico'
[Tue Oct 11 2016 21:28:53 GMT+0800 (CST)] /favicon.ico
Error: ENOENT, open '/home/lisa/project/blog/node_modules/express/node_modules/connect/node_modules/static-favicon/../public/favicon.ico'
[Tue Oct 11 2016 21:28:53 GMT+0800 (CST)] /favicon.ico
Error: ENOENT, open '/home/lisa/project/blog/node_modules/express/node_modules/connect/node_modules/static-favicon/../public/favicon.ico'
[Tue Oct 11 2016 21:28:58 GMT+0800 (CST)] /favicon.ico
Error: ENOENT, open '/home/lisa/project/blog/node_modules/express/node_modules/connect/node_modules/static-favicon/../public/favicon.ico'
